生成启动时间为 2021/1/3 23:11:24。
     1>项目“D:\Work and study\Work\GitPro\C-learning\Noi Study Progress\1-5\1-5-18鸡尾酒疗法\1-5-18鸡尾酒疗法\1-5-18鸡尾酒疗法.vcxproj”在节点 2 上(build 个目标)。
     1>PrepareForBuild:
         正在创建目录“D:\Work and study\Work\GitPro\C-learning\Noi Study Progress\1-5\1-5-18鸡尾酒疗法\Debug\”。
       InitializeBuildStatus:
         正在创建“Debug\1-5-18鸡尾酒疗法.unsuccessfulbuild”，因为已指定“AlwaysCreate”。
       ClCompile:
         d:\application\Visual stdio 2010\VC\bin\CL.exe /c /ZI /nologo /W3 /WX- /Od /Oy- /D WIN32 /D _DEBUG /D _CONSOLE /D _UNICODE /D UNICODE /Gm /EHsc /RTC1 /MDd /GS /fp:precise /Zc:wchar_t /Zc:forScope /Fo"Debug\\" /Fd"Debug\vc100.pdb" /Gd /TP /analyze- /errorReport:prompt main.cpp
         main.cpp
       ManifestResourceCompile:
         C:\Program Files (x86)\Microsoft SDKs\Windows\v7.0A\bin\rc.exe /nologo /fo"Debug\1-5-18鸡尾酒疗法.exe.embed.manifest.res" "Debug\1-5-18鸡尾酒疗法_manifest.rc" 
       Link:
         d:\application\Visual stdio 2010\VC\bin\link.exe /ERRORREPORT:PROMPT /OUT:"D:\Work and study\Work\GitPro\C-learning\Noi Study Progress\1-5\1-5-18鸡尾酒疗法\Debug\1-5-18鸡尾酒疗法.exe" /INCREMENTAL /NOLOGO kernel32.lib user32.lib gdi32.lib winspool.lib comdlg32.lib advapi32.lib shell32.lib ole32.lib oleaut32.lib uuid.lib odbc32.lib odbccp32.lib /MANIFEST /ManifestFile:"Debug\1-5-18鸡尾酒疗法.exe.intermediate.manifest" /MANIFESTUAC:"level='asInvoker' uiAccess='false'" /DEBUG /PDB:"D:\Work and study\Work\GitPro\C-learning\Noi Study Progress\1-5\1-5-18鸡尾酒疗法\Debug\1-5-18鸡尾酒疗法.pdb" /SUBSYSTEM:CONSOLE /TLBID:1 /DYNAMICBASE /NXCOMPAT /IMPLIB:"D:\Work and study\Work\GitPro\C-learning\Noi Study Progress\1-5\1-5-18鸡尾酒疗法\Debug\1-5-18鸡尾酒疗法.lib" /MACHINE:X86 "Debug\1-5-18鸡尾酒疗法.exe.embed.manifest.res"
         Debug\main.obj
       Manifest:
         C:\Program Files (x86)\Microsoft SDKs\Windows\v7.0A\bin\mt.exe /nologo /verbose /out:"Debug\1-5-18鸡尾酒疗法.exe.embed.manifest" /manifest "Debug\1-5-18鸡尾酒疗法.exe.intermediate.manifest"
         C:\Program Files (x86)\Microsoft SDKs\Windows\v7.0A\bin\rc.exe /nologo /fo"Debug\1-5-18鸡尾酒疗法.exe.embed.manifest.res" "Debug\1-5-18鸡尾酒疗法_manifest.rc" 
       LinkEmbedManifest:
         d:\application\Visual stdio 2010\VC\bin\link.exe /ERRORREPORT:PROMPT /OUT:"D:\Work and study\Work\GitPro\C-learning\Noi Study Progress\1-5\1-5-18鸡尾酒疗法\Debug\1-5-18鸡尾酒疗法.exe" /INCREMENTAL /NOLOGO kernel32.lib user32.lib gdi32.lib winspool.lib comdlg32.lib advapi32.lib shell32.lib ole32.lib oleaut32.lib uuid.lib odbc32.lib odbccp32.lib /MANIFEST /ManifestFile:"Debug\1-5-18鸡尾酒疗法.exe.intermediate.manifest" /MANIFESTUAC:"level='asInvoker' uiAccess='false'" /DEBUG /PDB:"D:\Work and study\Work\GitPro\C-learning\Noi Study Progress\1-5\1-5-18鸡尾酒疗法\Debug\1-5-18鸡尾酒疗法.pdb" /SUBSYSTEM:CONSOLE /TLBID:1 /DYNAMICBASE /NXCOMPAT /IMPLIB:"D:\Work and study\Work\GitPro\C-learning\Noi Study Progress\1-5\1-5-18鸡尾酒疗法\Debug\1-5-18鸡尾酒疗法.lib" /MACHINE:X86 "Debug\1-5-18鸡尾酒疗法.exe.embed.manifest.res"
         Debug\main.obj
         1-5-18鸡尾酒疗法.vcxproj -> D:\Work and study\Work\GitPro\C-learning\Noi Study Progress\1-5\1-5-18鸡尾酒疗法\Debug\1-5-18鸡尾酒疗法.exe
       FinalizeBuildStatus:
         正在删除文件“Debug\1-5-18鸡尾酒疗法.unsuccessfulbuild”。
         正在对“Debug\1-5-18鸡尾酒疗法.lastbuildstate”执行 Touch 任务。
     1>已完成生成项目“D:\Work and study\Work\GitPro\C-learning\Noi Study Progress\1-5\1-5-18鸡尾酒疗法\1-5-18鸡尾酒疗法\1-5-18鸡尾酒疗法.vcxproj”(build 个目标)的操作。

生成成功。

已用时间 00:00:01.05
